0 info it worked if it ends with ok
1 verbose cli [ 'c:\\Program Files\\nodejs\\node.exe',
1 verbose cli   'c:\\Program Files\\nodejs\\node_modules\\npm\\bin\\npm-cli.js',
1 verbose cli   'install',
1 verbose cli   '-g',
1 verbose cli   'dust-compiler' ]
2 info using npm@1.4.9
3 info using node@v0.10.28
4 verbose cache add [ 'dust-compiler', null ]
5 verbose cache add name=undefined spec="dust-compiler" args=["dust-compiler",null]
6 verbose parsed url { protocol: null,
6 verbose parsed url   slashes: null,
6 verbose parsed url   auth: null,
6 verbose parsed url   host: null,
6 verbose parsed url   port: null,
6 verbose parsed url   hostname: null,
6 verbose parsed url   hash: null,
6 verbose parsed url   search: null,
6 verbose parsed url   query: null,
6 verbose parsed url   pathname: 'dust-compiler',
6 verbose parsed url   path: 'dust-compiler',
6 verbose parsed url   href: 'dust-compiler' }
7 silly lockFile 265ddd43-dust-compiler dust-compiler
8 verbose lock dust-compiler C:\Users\vdogra\AppData\Roaming\npm-cache\265ddd43-dust-compiler.lock
9 silly lockFile 265ddd43-dust-compiler dust-compiler
10 silly lockFile 265ddd43-dust-compiler dust-compiler
11 verbose addNamed [ 'dust-compiler', '' ]
12 verbose addNamed [ null, '*' ]
13 silly lockFile 9e17e5d8-dust-compiler dust-compiler@
14 verbose lock dust-compiler@ C:\Users\vdogra\AppData\Roaming\npm-cache\9e17e5d8-dust-compiler.lock
15 silly addNameRange { name: 'dust-compiler', range: '*', hasData: false }
16 verbose url raw dust-compiler
17 verbose url resolving [ 'https://registry.npmjs.org/', './dust-compiler' ]
18 verbose url resolved https://registry.npmjs.org/dust-compiler
19 info trying registry request attempt 1 at 10:59:26
20 http GET https://registry.npmjs.org/dust-compiler
21 info retry will retry, error on last attempt: Error: tunneling socket could not be established, cause=getaddrinfo ENOTFOUND
22 info trying registry request attempt 2 at 10:59:39
23 http GET https://registry.npmjs.org/dust-compiler
24 info retry will retry, error on last attempt: Error: tunneling socket could not be established, cause=getaddrinfo ENOTFOUND
25 info trying registry request attempt 3 at 11:00:41
26 http GET https://registry.npmjs.org/dust-compiler
27 silly lockFile 9e17e5d8-dust-compiler dust-compiler@
28 silly lockFile 9e17e5d8-dust-compiler dust-compiler@
29 error network tunneling socket could not be established, cause=getaddrinfo ENOTFOUND
29 error network This is most likely not a problem with npm itself
29 error network and is related to network connectivity.
29 error network In most cases you are behind a proxy or have bad network settings.
29 error network
29 error network If you are behind a proxy, please make sure that the
29 error network 'proxy' config is set properly.  See: 'npm help config'
30 error System Windows_NT 6.1.7601
31 error command "c:\\Program Files\\nodejs\\node.exe" "c:\\Program Files\\nodejs\\node_modules\\npm\\bin\\npm-cli.js" "install" "-g" "dust-compiler"
32 error cwd c:\MyWL\mywishlist
33 error node -v v0.10.28
34 error npm -v 1.4.9
35 error code ECONNRESET
36 verbose exit [ 1, true ]
